# JRE version: Java(TM) SE Runtime Environment (17.0.11+7) (build 17.0.11+7-LTS-207)
# Java VM: Java HotSpot(TM) 64-Bit Server VM (17.0.11+7-LTS-207, mixed mode, sharing, tiered, compressed oops, compressed class ptrs, g1 gc, windows-amd64)
GC Precious Log:
 CPUs: 8 total, 8 available
 Memory: 24359M
 Large Page Support: Disabled
 NUMA Support: Disabled
 Compressed Oops: Enabled (32-bit)
 Heap Region Size: 1M
 Heap Min Capacity: 8M
 Heap Initial Capacity: 382M
 Heap Max Capacity: 2G
 Pre-touch: Disabled
 Parallel Workers: 8
 Concurrent Workers: 2
 Concurrent Refinement Workers: 8
 Periodic GC: Disabled
Heap:
 garbage-first heap   total 128000K, used 97511K [0x0000000080000000, 0x0000000100000000)
  region size 1024K, 15 young (15360K), 2 survivors (2048K)
 Metaspace       used 87587K, committed 88320K, reserved 557056K
  class space    used 12079K, committed 12480K, reserved 425984K
GC Heap History (20 events):
Event: 26.523 GC heap before
{Heap before GC invocations=32 (full 0):
 garbage-first heap   total 109568K, used 84399K [0x0000000080000000, 0x0000000100000000)
  region size 1024K, 20 young (20480K), 3 survivors (3072K)
 Metaspace       used 75814K, committed 76416K, reserved 557056K
  class space    used 10464K, committed 10752K, reserved 425984K
}
Event: 26.525 GC heap after
{Heap after GC invocations=33 (full 0):
 garbage-first heap   total 109568K, used 68319K [0x0000000080000000, 0x0000000100000000)
  region size 1024K, 2 young (2048K), 2 survivors (2048K)
 Metaspace       used 75814K, committed 76416K, reserved 557056K
  class space    used 10464K, committed 10752K, reserved 425984K
}
Event: 26.722 GC heap before
{Heap before GC invocations=33 (full 0):
 garbage-first heap   total 109568K, used 71391K [0x0000000080000000, 0x0000000100000000)
  region size 1024K, 5 young (5120K), 2 survivors (2048K)
 Metaspace       used 75937K, committed 76608K, reserved 557056K
  class space    used 10490K, committed 10816K, reserved 425984K
}
Event: 26.724 GC heap after
{Heap after GC invocations=34 (full 0):
 garbage-first heap   total 109568K, used 64660K [0x0000000080000000, 0x0000000100000000)
  region size 1024K, 1 young (1024K), 1 survivors (1024K)
 Metaspace       used 75937K, committed 76608K, reserved 557056K
  class space    used 10490K, committed 10816K, reserved 425984K
}
Event: 27.836 GC heap before
{Heap before GC invocations=34 (full 0):
 garbage-first heap   total 109568K, used 95380K [0x0000000080000000, 0x0000000100000000)
  region size 1024K, 24 young (24576K), 1 survivors (1024K)
 Metaspace       used 78306K, committed 78976K, reserved 557056K
  class space    used 10829K, committed 11136K, reserved 425984K
}
Event: 27.838 GC heap after
{Heap after GC invocations=35 (full 0):
 garbage-first heap   total 109568K, used 74840K [0x0000000080000000, 0x0000000100000000)
  region size 1024K, 3 young (3072K), 3 survivors (3072K)
 Metaspace       used 78306K, committed 78976K, reserved 557056K
  class space    used 10829K, committed 11136K, reserved 425984K
}
Event: 28.492 GC heap before
{Heap before GC invocations=36 (full 0):
 garbage-first heap   total 128000K, used 90200K [0x0000000080000000, 0x0000000100000000)
  region size 1024K, 19 young (19456K), 3 survivors (3072K)
 Metaspace       used 79768K, committed 80448K, reserved 557056K
  class space    used 11009K, committed 11328K, reserved 425984K
}
Event: 28.494 GC heap after
{Heap after GC invocations=37 (full 0):
 garbage-first heap   total 128000K, used 75829K [0x0000000080000000, 0x0000000100000000)
  region size 1024K, 1 young (1024K), 1 survivors (1024K)
 Metaspace       used 79768K, committed 80448K, reserved 557056K
  class space    used 11009K, committed 11328K, reserved 425984K
}
Event: 28.680 GC heap before
{Heap before GC invocations=37 (full 0):
 garbage-first heap   total 128000K, used 80949K [0x0000000080000000, 0x0000000100000000)
  region size 1024K, 6 young (6144K), 1 survivors (1024K)
 Metaspace       used 80023K, committed 80768K, reserved 557056K
  class space    used 11036K, committed 11392K, reserved 425984K
}
Event: 28.682 GC heap after
{Heap after GC invocations=38 (full 0):
 garbage-first heap   total 128000K, used 75612K [0x0000000080000000, 0x0000000100000000)
  region size 1024K, 1 young (1024K), 1 survivors (1024K)
 Metaspace       used 80023K, committed 80768K, reserved 557056K
  class space    used 11036K, committed 11392K, reserved 425984K
}
Event: 29.445 GC heap before
{Heap before GC invocations=38 (full 0):
 garbage-first heap   total 128000K, used 104284K [0x0000000080000000, 0x0000000100000000)
  region size 1024K, 29 young (29696K), 1 survivors (1024K)
 Metaspace       used 81692K, committed 82368K, reserved 557056K
  class space    used 11272K, committed 11584K, reserved 425984K
}
Event: 29.447 GC heap after
{Heap after GC invocations=39 (full 0):
 garbage-first heap   total 128000K, used 76536K [0x0000000080000000, 0x0000000100000000)
  region size 1024K, 2 young (2048K), 2 survivors (2048K)
 Metaspace       used 81692K, committed 82368K, reserved 557056K
  class space    used 11272K, committed 11584K, reserved 425984K
}
Event: 30.225 GC heap before
{Heap before GC invocations=39 (full 0):
 garbage-first heap   total 128000K, used 106232K [0x0000000080000000, 0x0000000100000000)
  region size 1024K, 31 young (31744K), 2 survivors (2048K)
 Metaspace       used 82870K, committed 83584K, reserved 557056K
  class space    used 11428K, committed 11776K, reserved 425984K
}
Event: 30.228 GC heap after
{Heap after GC invocations=40 (full 0):
 garbage-first heap   total 128000K, used 79746K [0x0000000080000000, 0x0000000100000000)
  region size 1024K, 4 young (4096K), 4 survivors (4096K)
 Metaspace       used 82870K, committed 83584K, reserved 557056K
  class space    used 11428K, committed 11776K, reserved 425984K
}
Event: 31.159 GC heap before
{Heap before GC invocations=40 (full 0):
 garbage-first heap   total 128000K, used 106370K [0x0000000080000000, 0x0000000100000000)
  region size 1024K, 30 young (30720K), 4 survivors (4096K)
 Metaspace       used 84164K, committed 84864K, reserved 557056K
  class space    used 11599K, committed 11968K, reserved 425984K
}
Event: 31.163 GC heap after
{Heap after GC invocations=41 (full 0):
 garbage-first heap   total 128000K, used 82615K [0x0000000080000000, 0x0000000100000000)
  region size 1024K, 4 young (4096K), 4 survivors (4096K)
 Metaspace       used 84164K, committed 84864K, reserved 557056K
  class space    used 11599K, committed 11968K, reserved 425984K
}
Event: 31.797 GC heap before
{Heap before GC invocations=41 (full 0):
 garbage-first heap   total 128000K, used 106167K [0x0000000080000000, 0x0000000100000000)
  region size 1024K, 27 young (27648K), 4 survivors (4096K)
 Metaspace       used 85034K, committed 85824K, reserved 557056K
  class space    used 11719K, committed 12096K, reserved 425984K
}
Event: 31.801 GC heap after
{Heap after GC invocations=42 (full 0):
 garbage-first heap   total 128000K, used 84099K [0x0000000080000000, 0x0000000100000000)
  region size 1024K, 4 young (4096K), 4 survivors (4096K)
 Metaspace       used 85034K, committed 85824K, reserved 557056K
  class space    used 11719K, committed 12096K, reserved 425984K
}
Event: 32.421 GC heap before
{Heap before GC invocations=42 (full 0):
 garbage-first heap   total 128000K, used 104579K [0x0000000080000000, 0x0000000100000000)
  region size 1024K, 24 young (24576K), 4 survivors (4096K)
 Metaspace       used 86343K, committed 87104K, reserved 557056K
  class space    used 11904K, committed 12288K, reserved 425984K
}
Event: 32.424 GC heap after
{Heap after GC invocations=43 (full 0):
 garbage-first heap   total 128000K, used 85223K [0x0000000080000000, 0x0000000100000000)
  region size 1024K, 2 young (2048K), 2 survivors (2048K)
 Metaspace       used 86343K, committed 87104K, reserved 557056K
  class space    used 11904K, committed 12288K, reserved 425984K
}

